# JRE version: OpenJDK Runtime Environment (8.0_152-b01) (build 1.8.0_152-release-1343-b01)
# Java VM: OpenJDK 64-Bit Server VM (25.152-b01 mixed mode bsd-amd64 compressed oops)
Heap:
 PSYoungGen      total 487424K, used 255174K [0x00000007a0000000, 0x00000007c0000000, 0x00000007c0000000)
  eden space 450560K, 48% used [0x00000007a0000000,0x00000007ad538e90,0x00000007bb800000)
  from space 36864K, 99% used [0x00000007bb800000,0x00000007bdbf8be0,0x00000007bdc00000)
  to   space 36864K, 0% used [0x00000007bdc00000,0x00000007bdc00000,0x00000007c0000000)
 ParOldGen       total 248320K, used 82716K [0x0000000760000000, 0x000000076f280000, 0x00000007a0000000)
  object space 248320K, 33% used [0x0000000760000000,0x00000007650c7378,0x000000076f280000)
 Metaspace       used 84749K, capacity 88370K, committed 88536K, reserved 1126400K
  class space    used 10876K, capacity 11671K, committed 11736K, reserved 1048576K
GC Heap History (10 events):
Event: 27.184 GC heap before
{Heap before GC invocations=10 (full 2):
 PSYoungGen      total 322560K, used 148021K [0x00000007a0000000, 0x00000007bb300000, 0x00000007c0000000)
  eden space 307712K, 43% used [0x00000007a0000000,0x00000007a8241728,0x00000007b2c80000)
  from space 14848K, 98% used [0x00000007b2c80000,0x00000007b3acbd30,0x00000007b3b00000)
  to   space 16896K, 0% used [0x00000007ba280000,0x00000007ba280000,0x00000007bb300000)
 ParOldGen       total 172032K, used 17531K [0x0000000760000000, 0x000000076a800000, 0x00000007a0000000)
  object space 172032K, 10% used [0x0000000760000000,0x000000076111ec80,0x000000076a800000)
 Metaspace       used 57614K, capacity 58972K, committed 59096K, reserved 1099776K
  class space    used 7542K, capacity 7830K, committed 7896K, reserved 1048576K
Event: 27.205 GC heap after
Heap after GC invocations=10 (full 2):
 PSYoungGen      total 423936K, used 16884K [0x00000007a0000000, 0x00000007bbf00000, 0x00000007c0000000)
  eden space 407040K, 0% used [0x00000007a0000000,0x00000007a0000000,0x00000007b8d80000)
  from space 16896K, 99% used [0x00000007ba280000,0x00000007bb2fd388,0x00000007bb300000)
  to   space 21504K, 0% used [0x00000007b8d80000,0x00000007b8d80000,0x00000007ba280000)
 ParOldGen       total 172032K, used 23811K [0x0000000760000000, 0x000000076a800000, 0x00000007a0000000)
  object space 172032K, 13% used [0x0000000760000000,0x0000000761740f50,0x000000076a800000)
 Metaspace       used 57614K, capacity 58972K, committed 59096K, reserved 1099776K
  class space    used 7542K, capacity 7830K, committed 7896K, reserved 1048576K
}
Event: 27.205 GC heap before
{Heap before GC invocations=11 (full 3):
 PSYoungGen      total 423936K, used 16884K [0x00000007a0000000, 0x00000007bbf00000, 0x00000007c0000000)
  eden space 407040K, 0% used [0x00000007a0000000,0x00000007a0000000,0x00000007b8d80000)
  from space 16896K, 99% used [0x00000007ba280000,0x00000007bb2fd388,0x00000007bb300000)
  to   space 21504K, 0% used [0x00000007b8d80000,0x00000007b8d80000,0x00000007ba280000)
 ParOldGen       total 172032K, used 23811K [0x0000000760000000, 0x000000076a800000, 0x00000007a0000000)
  object space 172032K, 13% used [0x0000000760000000,0x0000000761740f50,0x000000076a800000)
 Metaspace       used 57614K, capacity 58972K, committed 59096K, reserved 1099776K
  class space    used 7542K, capacity 7830K, committed 7896K, reserved 1048576K
Event: 27.343 GC heap after
Heap after GC invocations=11 (full 3):
 PSYoungGen      total 423936K, used 0K [0x00000007a0000000, 0x00000007bbf00000, 0x00000007c0000000)
  eden space 407040K, 0% used [0x00000007a0000000,0x00000007a0000000,0x00000007b8d80000)
  from space 16896K, 0% used [0x00000007ba280000,0x00000007ba280000,0x00000007bb300000)
  to   space 21504K, 0% used [0x00000007b8d80000,0x00000007b8d80000,0x00000007ba280000)
 ParOldGen       total 248320K, used 37012K [0x0000000760000000, 0x000000076f280000, 0x00000007a0000000)
  object space 248320K, 14% used [0x0000000760000000,0x0000000762425038,0x000000076f280000)
 Metaspace       used 57569K, capacity 58854K, committed 59096K, reserved 1099776K
  class space    used 7533K, capacity 7817K, committed 7896K, reserved 1048576K
}
Event: 32.405 GC heap before
{Heap before GC invocations=12 (full 3):
 PSYoungGen      total 423936K, used 407040K [0x00000007a0000000, 0x00000007bbf00000, 0x00000007c0000000)
  eden space 407040K, 100% used [0x00000007a0000000,0x00000007b8d80000,0x00000007b8d80000)
  from space 16896K, 0% used [0x00000007ba280000,0x00000007ba280000,0x00000007bb300000)
  to   space 21504K, 0% used [0x00000007b8d80000,0x00000007b8d80000,0x00000007ba280000)
 ParOldGen       total 248320K, used 37012K [0x0000000760000000, 0x000000076f280000, 0x00000007a0000000)
  object space 248320K, 14% used [0x0000000760000000,0x0000000762425038,0x000000076f280000)
 Metaspace       used 74743K, capacity 77336K, committed 77528K, reserved 1116160K
  class space    used 9771K, capacity 10349K, committed 10456K, reserved 1048576K
Event: 32.433 GC heap after
Heap after GC invocations=12 (full 3):
 PSYoungGen      total 428544K, used 21485K [0x00000007a0000000, 0x00000007c0000000, 0x00000007c0000000)
  eden space 407040K, 0% used [0x00000007a0000000,0x00000007a0000000,0x00000007b8d80000)
  from space 21504K, 99% used [0x00000007b8d80000,0x00000007ba27b538,0x00000007ba280000)
  to   space 28160K, 0% used [0x00000007be480000,0x00000007be480000,0x00000007c0000000)
 ParOldGen       total 248320K, used 46452K [0x0000000760000000, 0x000000076f280000, 0x00000007a0000000)
  object space 248320K, 18% used [0x0000000760000000,0x0000000762d5d238,0x000000076f280000)
 Metaspace       used 74743K, capacity 77336K, committed 77528K, reserved 1116160K
  class space    used 9771K, capacity 10349K, committed 10456K, reserved 1048576K
}
Event: 56.972 GC heap before
{Heap before GC invocations=13 (full 3):
 PSYoungGen      total 428544K, used 428525K [0x00000007a0000000, 0x00000007c0000000, 0x00000007c0000000)
  eden space 407040K, 100% used [0x00000007a0000000,0x00000007b8d80000,0x00000007b8d80000)
  from space 21504K, 99% used [0x00000007b8d80000,0x00000007ba27b538,0x00000007ba280000)
  to   space 28160K, 0% used [0x00000007be480000,0x00000007be480000,0x00000007c0000000)
 ParOldGen       total 248320K, used 46452K [0x0000000760000000, 0x000000076f280000, 0x00000007a0000000)
  object space 248320K, 18% used [0x0000000760000000,0x0000000762d5d238,0x000000076f280000)
 Metaspace       used 78384K, capacity 81188K, committed 81496K, reserved 1120256K
  class space    used 10141K, capacity 10790K, committed 10840K, reserved 1048576K
Event: 57.007 GC heap after
Heap after GC invocations=13 (full 3):
 PSYoungGen      total 478720K, used 28150K [0x00000007a0000000, 0x00000007c0000000, 0x00000007c0000000)
  eden space 450560K, 0% used [0x00000007a0000000,0x00000007a0000000,0x00000007bb800000)
  from space 28160K, 99% used [0x00000007be480000,0x00000007bfffdb78,0x00000007c0000000)
  to   space 36864K, 0% used [0x00000007bb800000,0x00000007bb800000,0x00000007bdc00000)
 ParOldGen       total 248320K, used 58988K [0x0000000760000000, 0x000000076f280000, 0x00000007a0000000)
  object space 248320K, 23% used [0x0000000760000000,0x000000076399b150,0x000000076f280000)
 Metaspace       used 78384K, capacity 81188K, committed 81496K, reserved 1120256K
  class space    used 10141K, capacity 10790K, committed 10840K, reserved 1048576K
}
Event: 60.012 GC heap before
{Heap before GC invocations=14 (full 3):
 PSYoungGen      total 478720K, used 478710K [0x00000007a0000000, 0x00000007c0000000, 0x00000007c0000000)
  eden space 450560K, 100% used [0x00000007a0000000,0x00000007bb800000,0x00000007bb800000)
  from space 28160K, 99% used [0x00000007be480000,0x00000007bfffdb78,0x00000007c0000000)
  to   space 36864K, 0% used [0x00000007bb800000,0x00000007bb800000,0x00000007bdc00000)
 ParOldGen       total 248320K, used 58988K [0x0000000760000000, 0x000000076f280000, 0x00000007a0000000)
  object space 248320K, 23% used [0x0000000760000000,0x000000076399b150,0x000000076f280000)
 Metaspace       used 81914K, capacity 85102K, committed 85336K, reserved 1124352K
  class space    used 10560K, capacity 11235K, committed 11352K, reserved 1048576K
Event: 60.073 GC heap after
Heap after GC invocations=14 (full 3):
 PSYoungGen      total 487424K, used 36834K [0x00000007a0000000, 0x00000007c0000000, 0x00000007c0000000)
  eden space 450560K, 0% used [0x00000007a0000000,0x00000007a0000000,0x00000007bb800000)
  from space 36864K, 99% used [0x00000007bb800000,0x00000007bdbf8be0,0x00000007bdc00000)
  to   space 36864K, 0% used [0x00000007bdc00000,0x00000007bdc00000,0x00000007c0000000)
 ParOldGen       total 248320K, used 82716K [0x0000000760000000, 0x000000076f280000, 0x00000007a0000000)
  object space 248320K, 33% used [0x0000000760000000,0x00000007650c7378,0x000000076f280000)
 Metaspace       used 81914K, capacity 85102K, committed 85336K, reserved 1124352K
  class space    used 10560K, capacity 11235K, committed 11352K, reserved 1048576K
}

