# JRE version: OpenJDK Runtime Environment (8.0_202) (build 1.8.0_202-release-1483-b49-5587405)
# Java VM: OpenJDK 64-Bit Server VM (25.202-b49-5587405 mixed mode bsd-amd64 compressed oops)
Heap:
 PSYoungGen      total 182784K, used 125085K [0x00000007a0000000, 0x00000007ac280000, 0x00000007c0000000)
  eden space 169472K, 73% used [0x00000007a0000000,0x00000007a7a277e0,0x00000007aa580000)
  from space 13312K, 0% used [0x00000007ab280000,0x00000007ab280000,0x00000007abf80000)
  to   space 13312K, 0% used [0x00000007aa580000,0x00000007aa580000,0x00000007ab280000)
 ParOldGen       total 162816K, used 14499K [0x0000000760000000, 0x0000000769f00000, 0x00000007a0000000)
  object space 162816K, 8% used [0x0000000760000000,0x0000000760e28de0,0x0000000769f00000)
 Metaspace       used 43763K, capacity 44636K, committed 45056K, reserved 1087488K
  class space    used 5772K, capacity 6026K, committed 6144K, reserved 1048576K
GC Heap History (10 events):
Event: 6.566 GC heap before
{Heap before GC invocations=8 (full 1):
 PSYoungGen      total 104448K, used 100468K [0x00000007a0000000, 0x00000007a7300000, 0x00000007c0000000)
  eden space 92672K, 100% used [0x00000007a0000000,0x00000007a5a80000,0x00000007a5a80000)
  from space 11776K, 66% used [0x00000007a6600000,0x00000007a6d9d2e8,0x00000007a7180000)
  to   space 11776K, 0% used [0x00000007a5a80000,0x00000007a5a80000,0x00000007a6600000)
 ParOldGen       total 110592K, used 10647K [0x0000000760000000, 0x0000000766c00000, 0x00000007a0000000)
  object space 110592K, 9% used [0x0000000760000000,0x0000000760a65f18,0x0000000766c00000)
 Metaspace       used 32622K, capacity 33228K, committed 33536K, reserved 1079296K
  class space    used 4418K, capacity 4595K, committed 4608K, reserved 1048576K
Event: 6.573 GC heap after
Heap after GC invocations=8 (full 1):
 PSYoungGen      total 104448K, used 10762K [0x00000007a0000000, 0x00000007a9b80000, 0x00000007c0000000)
  eden space 92672K, 0% used [0x00000007a0000000,0x00000007a0000000,0x00000007a5a80000)
  from space 11776K, 91% used [0x00000007a5a80000,0x00000007a6502a20,0x00000007a6600000)
  to   space 12288K, 0% used [0x00000007a8f80000,0x00000007a8f80000,0x00000007a9b80000)
 ParOldGen       total 110592K, used 10655K [0x0000000760000000, 0x0000000766c00000, 0x00000007a0000000)
  object space 110592K, 9% used [0x0000000760000000,0x0000000760a67f18,0x0000000766c00000)
 Metaspace       used 32622K, capacity 33228K, committed 33536K, reserved 1079296K
  class space    used 4418K, capacity 4595K, committed 4608K, reserved 1048576K
}
Event: 7.331 GC heap before
{Heap before GC invocations=9 (full 1):
 PSYoungGen      total 104448K, used 103434K [0x00000007a0000000, 0x00000007a9b80000, 0x00000007c0000000)
  eden space 92672K, 100% used [0x00000007a0000000,0x00000007a5a80000,0x00000007a5a80000)
  from space 11776K, 91% used [0x00000007a5a80000,0x00000007a6502a20,0x00000007a6600000)
  to   space 12288K, 0% used [0x00000007a8f80000,0x00000007a8f80000,0x00000007a9b80000)
 ParOldGen       total 110592K, used 10655K [0x0000000760000000, 0x0000000766c00000, 0x00000007a0000000)
  object space 110592K, 9% used [0x0000000760000000,0x0000000760a67f18,0x0000000766c00000)
 Metaspace       used 32638K, capacity 33228K, committed 33536K, reserved 1079296K
  class space    used 4418K, capacity 4595K, committed 4608K, reserved 1048576K
Event: 7.337 GC heap after
Heap after GC invocations=9 (full 1):
 PSYoungGen      total 145920K, used 7828K [0x00000007a0000000, 0x00000007a9b00000, 0x00000007c0000000)
  eden space 134144K, 0% used [0x00000007a0000000,0x00000007a0000000,0x00000007a8300000)
  from space 11776K, 66% used [0x00000007a8f80000,0x00000007a97252e8,0x00000007a9b00000)
  to   space 12288K, 0% used [0x00000007a8300000,0x00000007a8300000,0x00000007a8f00000)
 ParOldGen       total 110592K, used 10655K [0x0000000760000000, 0x0000000766c00000, 0x00000007a0000000)
  object space 110592K, 9% used [0x0000000760000000,0x0000000760a67f18,0x0000000766c00000)
 Metaspace       used 32638K, capacity 33228K, committed 33536K, reserved 1079296K
  class space    used 4418K, capacity 4595K, committed 4608K, reserved 1048576K
}
Event: 8.448 GC heap before
{Heap before GC invocations=10 (full 1):
 PSYoungGen      total 145920K, used 141972K [0x00000007a0000000, 0x00000007a9b00000, 0x00000007c0000000)
  eden space 134144K, 100% used [0x00000007a0000000,0x00000007a8300000,0x00000007a8300000)
  from space 11776K, 66% used [0x00000007a8f80000,0x00000007a97252e8,0x00000007a9b00000)
  to   space 12288K, 0% used [0x00000007a8300000,0x00000007a8300000,0x00000007a8f00000)
 ParOldGen       total 110592K, used 10655K [0x0000000760000000, 0x0000000766c00000, 0x00000007a0000000)
  object space 110592K, 9% used [0x0000000760000000,0x0000000760a67f18,0x0000000766c00000)
 Metaspace       used 32638K, capacity 33228K, committed 33536K, reserved 1079296K
  class space    used 4418K, capacity 4595K, committed 4608K, reserved 1048576K
Event: 8.456 GC heap after
Heap after GC invocations=10 (full 1):
 PSYoungGen      total 146432K, used 12115K [0x00000007a0000000, 0x00000007abf80000, 0x00000007c0000000)
  eden space 134144K, 0% used [0x00000007a0000000,0x00000007a0000000,0x00000007a8300000)
  from space 12288K, 98% used [0x00000007a8300000,0x00000007a8ed4ea8,0x00000007a8f00000)
  to   space 13312K, 0% used [0x00000007ab280000,0x00000007ab280000,0x00000007abf80000)
 ParOldGen       total 110592K, used 10663K [0x0000000760000000, 0x0000000766c00000, 0x00000007a0000000)
  object space 110592K, 9% used [0x0000000760000000,0x0000000760a69f18,0x0000000766c00000)
 Metaspace       used 32638K, capacity 33228K, committed 33536K, reserved 1079296K
  class space    used 4418K, capacity 4595K, committed 4608K, reserved 1048576K
}
Event: 9.023 GC heap before
{Heap before GC invocations=11 (full 1):
 PSYoungGen      total 146432K, used 109792K [0x00000007a0000000, 0x00000007abf80000, 0x00000007c0000000)
  eden space 134144K, 72% used [0x00000007a0000000,0x00000007a5f631b0,0x00000007a8300000)
  from space 12288K, 98% used [0x00000007a8300000,0x00000007a8ed4ea8,0x00000007a8f00000)
  to   space 13312K, 0% used [0x00000007ab280000,0x00000007ab280000,0x00000007abf80000)
 ParOldGen       total 110592K, used 10663K [0x0000000760000000, 0x0000000766c00000, 0x00000007a0000000)
  object space 110592K, 9% used [0x0000000760000000,0x0000000760a69f18,0x0000000766c00000)
 Metaspace       used 34606K, capacity 35364K, committed 35496K, reserved 1079296K
  class space    used 4584K, capacity 4814K, committed 4864K, reserved 1048576K
Event: 9.031 GC heap after
Heap after GC invocations=11 (full 1):
 PSYoungGen      total 182784K, used 7910K [0x00000007a0000000, 0x00000007ac280000, 0x00000007c0000000)
  eden space 169472K, 0% used [0x00000007a0000000,0x00000007a0000000,0x00000007aa580000)
  from space 13312K, 59% used [0x00000007ab280000,0x00000007aba39948,0x00000007abf80000)
  to   space 13312K, 0% used [0x00000007aa580000,0x00000007aa580000,0x00000007ab280000)
 ParOldGen       total 110592K, used 10671K [0x0000000760000000, 0x0000000766c00000, 0x00000007a0000000)
  object space 110592K, 9% used [0x0000000760000000,0x0000000760a6bf18,0x0000000766c00000)
 Metaspace       used 34606K, capacity 35364K, committed 35496K, reserved 1079296K
  class space    used 4584K, capacity 4814K, committed 4864K, reserved 1048576K
}
Event: 9.031 GC heap before
{Heap before GC invocations=12 (full 2):
 PSYoungGen      total 182784K, used 7910K [0x00000007a0000000, 0x00000007ac280000, 0x00000007c0000000)
  eden space 169472K, 0% used [0x00000007a0000000,0x00000007a0000000,0x00000007aa580000)
  from space 13312K, 59% used [0x00000007ab280000,0x00000007aba39948,0x00000007abf80000)
  to   space 13312K, 0% used [0x00000007aa580000,0x00000007aa580000,0x00000007ab280000)
 ParOldGen       total 110592K, used 10671K [0x0000000760000000, 0x0000000766c00000, 0x00000007a0000000)
  object space 110592K, 9% used [0x0000000760000000,0x0000000760a6bf18,0x0000000766c00000)
 Metaspace       used 34606K, capacity 35364K, committed 35496K, reserved 1079296K
  class space    used 4584K, capacity 4814K, committed 4864K, reserved 1048576K
Event: 9.072 GC heap after
Heap after GC invocations=12 (full 2):
 PSYoungGen      total 182784K, used 0K [0x00000007a0000000, 0x00000007ac280000, 0x00000007c0000000)
  eden space 169472K, 0% used [0x00000007a0000000,0x00000007a0000000,0x00000007aa580000)
  from space 13312K, 0% used [0x00000007ab280000,0x00000007ab280000,0x00000007abf80000)
  to   space 13312K, 0% used [0x00000007aa580000,0x00000007aa580000,0x00000007ab280000)
 ParOldGen       total 162816K, used 14499K [0x0000000760000000, 0x0000000769f00000, 0x00000007a0000000)
  object space 162816K, 8% used [0x0000000760000000,0x0000000760e28de0,0x0000000769f00000)
 Metaspace       used 34560K, capacity 35264K, committed 35496K, reserved 1079296K
  class space    used 4573K, capacity 4802K, committed 4864K, reserved 1048576K
}

